<?xml version="1.0" encoding="UTF-8"?>
<!-- Generated by org.testng.reporters.JUnitXMLReporter -->
<testsuite ignored="0" hostname="CBT-03-44" failures="1" tests="1" name="TestFirefox" time="46.311" errors="0" timestamp="2022-10-15T11:28:10 IST">
  <testcase classname="generics.BaseTest" name="@BeforeClass setup" time="46.251">
    <failure type="org.openqa.selenium.WebDriverException" message="Failed to connect to binary FirefoxBinary(C:\Program Files\Mozilla Firefox\firefox.exe) on port 7055; process output follows: 
n&amp;quot;:&amp;quot;Вікіпэдыя, вольная энцыкляпэдыя&amp;quot;,&amp;quot;creator&amp;quot;:null,&amp;quot;developers&amp;quot;:null,&amp;quot;translators&amp;quot;:null,&amp;quot;contributors&amp;quot;:null,&amp;quot;locales&amp;quot;:[&amp;quot;be-tarask&amp;quot;]},{&amp;quot;name&amp;quot;:&amp;quot;Wikipedia (sv)&amp;quot;,&amp;quot;description&amp;quot;:&amp;quot;Wikipedia, den fria encyklopedin&amp;quot;,&amp;quot;creator&amp;quot;:null,&amp;quot;developers&amp;quot;:null,&amp;quot;translators&amp;quot;:null,&amp;quot;contributors&amp;quot;:null,&amp;quot;locales&amp;quot;:[&amp;quot;sv-SE&amp;quot;]},{&amp;quot;name&amp;quot;:&amp;quot;ວິກິພີເດຍ (lo)&amp;quot;,&amp;quot;description&amp;quot;:&amp;quot;ວິກິພີເດຍ, ສາລານຸກົມເສລີ&amp;quot;,&amp;quot;creator&amp;quot;:null,&amp;quot;developers&amp;quot;:null,&amp;quot;translators&amp;quot;:null,&amp;quot;contributors&amp;quot;:null,&amp;quot;locales&amp;quot;:[&amp;quot;lo&amp;quot;]},{&amp;quot;name&amp;quot;:&amp;quot;Wikipedija (sl)&amp;quot;,&amp;quot;description&amp;quot;:&amp;quot;Wikipedija, prosta enciklopedija&amp;quot;,&amp;quot;creator&amp;quot;:null,&amp;quot;developers&amp;quot;:null,&amp;quot;translators&amp;quot;:null,&amp;quot;contributors&amp;quot;:null,&amp;quot;locales&amp;quot;:[&amp;quot;sl&amp;quot;]},{&amp;quot;name&amp;quot;:&amp;quot;Vikipēdija&amp;quot;,&amp;quot;description&amp;quot;:&amp;quot;Vikipēdija, brīvā enciklopēdija&amp;quot;,&amp;quot;creator&amp;quot;:null,&amp;quot;developers&amp;quot;:null,&amp;quot;translators&amp;quot;:null,&amp;quot;contributors&amp;quot;:null,&amp;quot;locales&amp;quot;:[&amp;quot;lv&amp;quot;]},{&amp;quot;name&amp;quot;:&amp;quot;Biquipedia (an)&amp;quot;,&amp;quot;description&amp;quot;:&amp;quot;A enciclopedia Libre&amp;quot;,&amp;quot;creator&amp;quot;:null,&amp;quot;developers&amp;quot;:null,&amp;quot;translators&amp;quot;:null,&amp;quot;contributors&amp;quot;:null,&amp;quot;locales&amp;quot;:[&amp;quot;an&amp;quot;]}],&amp;quot;targetApplications&amp;quot;:[{&amp;quot;id&amp;quot;:&amp;quot;toolkit@mozilla.org&amp;quot;,&amp;quot;minVersion&amp;quot;:null,&amp;quot;maxVersion&amp;quot;:null}],&amp;quot;targetPlatforms&amp;quot;:[],&amp;quot;seen&amp;quot;:true,&amp;quot;dependencies&amp;quot;:[],&amp;quot;incognito&amp;quot;:&amp;quot;spanning&amp;quot;,&amp;quot;userPermissions&amp;quot;:{&amp;quot;permissions&amp;quot;:[],&amp;quot;origins&amp;quot;:[]},&amp;quot;icons&amp;quot;:{&amp;quot;16&amp;quot;:&amp;quot;favicon.ico&amp;quot;},&amp;quot;iconURL&amp;quot;:null,&amp;quot;blocklistState&amp;quot;:0,&amp;quot;blocklistURL&amp;quot;:null,&amp;quot;startupData&amp;quot;:null,&amp;quot;hidden&amp;quot;:true,&amp;quot;installTelemetryInfo&amp;quot;:null,&amp;quot;recommendationState&amp;quot;:null,&amp;quot;rootURI&amp;quot;:&amp;quot;resource://search-extensions/wikipedia/&amp;quot;,&amp;quot;location&amp;quot;:&amp;quot;app-builtin&amp;quot;}
1665813447477	addons.xpi	DEBUG	Loading bootstrap scope from resource://search-extensions/wikipedia/
1665813447477	addons.xpi	DEBUG	Calling bootstrap method install on wikipedia@search.mozilla.org version 1.0
1665813447477	addons.xpi	DEBUG	Calling bootstrap method startup on wikipedia@search.mozilla.org version 1.0
1665813451365	addons.xpi	DEBUG	Calling bootstrap method shutdown on wikipedia@search.mozilla.org version 1.0
1665813451366	addons.xpi	DEBUG	Calling bootstrap method shutdown on webcompat@mozilla.org version 6.2.0
1665813451368	addons.xpi	DEBUG	Calling bootstrap method shutdown on twitter@search.mozilla.org version 1.0
1665813451369	addons.xpi	DEBUG	Calling bootstrap method shutdown on screenshots@mozilla.org version 39.0.0
1665813451372	addons.xpi	DEBUG	Calling bootstrap method shutdown on google@search.mozilla.org version 1.0
1665813451372	addons.xpi	DEBUG	Calling bootstrap method shutdown on formautofill@mozilla.org version 1.0
1665813451374	addons.xpi	DEBUG	Calling bootstrap method shutdown on ebay@search.mozilla.org version 1.0
1665813451374	addons.xpi	DEBUG	Calling bootstrap method shutdown on default-theme@mozilla.org version 1.0
1665813451375	addons.xpi	DEBUG	Calling bootstrap method shutdown on ddg@search.mozilla.org version 1.0
1665813451375	addons.xpi	DEBUG	Calling bootstrap method shutdown on bing@search.mozilla.org version 1.0
1665813451376	addons.xpi	DEBUG	Calling bootstrap method shutdown on amazondotcom@search.mozilla.org version 1.1
[Child 5476, Chrome_ChildThread] WARNING: pipe error: 109: file z:/task_1571244707/build/src/ipc/chromium/src/chrome/common/ipc_channel_win.cc, line 341
[Child 5476, Chrome_ChildThread] WARNING: pipe error: 109: file z:/task_1571244707/build/src/ipc/chromium/src/chrome/common/ipc_channel_win.cc, line 341
1665813451581	addons.manager	DEBUG	before shutdown
1665813451584	addons.manager	DEBUG	shutdown
1665813451584	addons.manager	DEBUG	Calling shutdown blocker for XPIProvider
1665813451585	addons.xpi	DEBUG	shutdown
1665813451585	addons.xpi-utils	DEBUG	shutdown
1665813451585	addons.manager	DEBUG	Calling shutdown blocker for GMPProvider
1665813451585	addons.manager	DEBUG	Calling shutdown blocker for PluginProvider
1665813451585	addons.manager	DEBUG	Async provider shutdown done

###!!! [Child][RunMessage] Error: Channel closing: too late to send/recv, messages will be lost

[GPU 2796, Chrome_ChildThread] WARNING: pipe error: 109: file z[Parent 8252, Gecko_IOThread] WARNING: pipe error: 232: file z:/task_1571244707/build/src/ipc/chromium/src/chrome/common/ipc_channel_win.cc, line 502

Build info: version: &amp;apos;2.52.0&amp;apos;, revision: &amp;apos;4c2593c&amp;apos;, time: &amp;apos;2016-02-11 19:06:42&amp;apos;
System info: host: &amp;apos;CBT-03-44&amp;apos;, ip: &amp;apos;192.168.1.28&amp;apos;, os.name: &amp;apos;Windows 10&amp;apos;, os.arch: &amp;apos;amd64&amp;apos;, os.version: &amp;apos;10.0&amp;apos;, java.version: &amp;apos;17.0.3&amp;apos;
Driver info: driver.version: FirefoxDriver">
      <![CDATA[org.openqa.selenium.WebDriverException: Failed to connect to binary FirefoxBinary(C:\Program Files\Mozilla Firefox\firefox.exe) on port 7055; process output follows: 
n":"Вікіпэдыя, вольная энцыкляпэдыя","creator":null,"developers":null,"translators":null,"contributors":null,"locales":["be-tarask"]},{"name":"Wikipedia (sv)","description":"Wikipedia, den fria encyklopedin","creator":null,"developers":null,"translators":null,"contributors":null,"locales":["sv-SE"]},{"name":"ວິກິພີເດຍ (lo)","description":"ວິກິພີເດຍ, ສາລານຸກົມເສລີ","creator":null,"developers":null,"translators":null,"contributors":null,"locales":["lo"]},{"name":"Wikipedija (sl)","description":"Wikipedija, prosta enciklopedija","creator":null,"developers":null,"translators":null,"contributors":null,"locales":["sl"]},{"name":"Vikipēdija","description":"Vikipēdija, brīvā enciklopēdija","creator":null,"developers":null,"translators":null,"contributors":null,"locales":["lv"]},{"name":"Biquipedia (an)","description":"A enciclopedia Libre","creator":null,"developers":null,"translators":null,"contributors":null,"locales":["an"]}],"targetApplications":[{"id":"toolkit@mozilla.org","minVersion":null,"maxVersion":null}],"targetPlatforms":[],"seen":true,"dependencies":[],"incognito":"spanning","userPermissions":{"permissions":[],"origins":[]},"icons":{"16":"favicon.ico"},"iconURL":null,"blocklistState":0,"blocklistURL":null,"startupData":null,"hidden":true,"installTelemetryInfo":null,"recommendationState":null,"rootURI":"resource://search-extensions/wikipedia/","location":"app-builtin"}
1665813447477addons.xpiDEBUGLoading bootstrap scope from resource://search-extensions/wikipedia/
1665813447477addons.xpiDEBUGCalling bootstrap method install on wikipedia@search.mozilla.org version 1.0
1665813447477addons.xpiDEBUGCalling bootstrap method startup on wikipedia@search.mozilla.org version 1.0
1665813451365addons.xpiDEBUGCalling bootstrap method shutdown on wikipedia@search.mozilla.org version 1.0
1665813451366addons.xpiDEBUGCalling bootstrap method shutdown on webcompat@mozilla.org version 6.2.0
1665813451368addons.xpiDEBUGCalling bootstrap method shutdown on twitter@search.mozilla.org version 1.0
1665813451369addons.xpiDEBUGCalling bootstrap method shutdown on screenshots@mozilla.org version 39.0.0
1665813451372addons.xpiDEBUGCalling bootstrap method shutdown on google@search.mozilla.org version 1.0
1665813451372addons.xpiDEBUGCalling bootstrap method shutdown on formautofill@mozilla.org version 1.0
1665813451374addons.xpiDEBUGCalling bootstrap method shutdown on ebay@search.mozilla.org version 1.0
1665813451374addons.xpiDEBUGCalling bootstrap method shutdown on default-theme@mozilla.org version 1.0
1665813451375addons.xpiDEBUGCalling bootstrap method shutdown on ddg@search.mozilla.org version 1.0
1665813451375addons.xpiDEBUGCalling bootstrap method shutdown on bing@search.mozilla.org version 1.0
1665813451376addons.xpiDEBUGCalling bootstrap method shutdown on amazondotcom@search.mozilla.org version 1.1
[Child 5476, Chrome_ChildThread] WARNING: pipe error: 109: file z:/task_1571244707/build/src/ipc/chromium/src/chrome/common/ipc_channel_win.cc, line 341
[Child 5476, Chrome_ChildThread] WARNING: pipe error: 109: file z:/task_1571244707/build/src/ipc/chromium/src/chrome/common/ipc_channel_win.cc, line 341
1665813451581addons.managerDEBUGbefore shutdown
1665813451584addons.managerDEBUGshutdown
1665813451584addons.managerDEBUGCalling shutdown blocker for XPIProvider
1665813451585addons.xpiDEBUGshutdown
1665813451585addons.xpi-utilsDEBUGshutdown
1665813451585addons.managerDEBUGCalling shutdown blocker for GMPProvider
1665813451585addons.managerDEBUGCalling shutdown blocker for PluginProvider
1665813451585addons.managerDEBUGAsync provider shutdown done

###!!! [Child][RunMessage] Error: Channel closing: too late to send/recv, messages will be lost

[GPU 2796, Chrome_ChildThread] WARNING: pipe error: 109: file z[Parent 8252, Gecko_IOThread] WARNING: pipe error: 232: file z:/task_1571244707/build/src/ipc/chromium/src/chrome/common/ipc_channel_win.cc, line 502

Build info: version: '2.52.0', revision: '4c2593c', time: '2016-02-11 19:06:42'
System info: host: 'CBT-03-44', ip: '192.168.1.28', os.name: 'Windows 10', os.arch: 'amd64', os.version: '10.0', java.version: '17.0.3'
Driver info: driver.version: FirefoxDriver
at org.openqa.selenium.firefox.internal.NewProfileExtensionConnection.start(NewProfileExtensionConnection.java:124)
at org.openqa.selenium.firefox.FirefoxDriver.startClient(FirefoxDriver.java:271)
at org.openqa.selenium.remote.RemoteWebDriver.<init>(RemoteWebDriver.java:119)
at org.openqa.selenium.firefox.FirefoxDriver.<init>(FirefoxDriver.java:218)
at org.openqa.selenium.firefox.FirefoxDriver.<init>(FirefoxDriver.java:211)
at org.openqa.selenium.firefox.FirefoxDriver.<init>(FirefoxDriver.java:207)
at org.openqa.selenium.firefox.FirefoxDriver.<init>(FirefoxDriver.java:120)
at generics.BaseTest.setup(BaseTest.java:47)
at java.base/java.util.ArrayList.forEach(ArrayList.java:1511)
at java.base/java.util.concurrent.FutureTask.run(FutureTask.java:264)
at java.base/java.util.concurrent.ThreadPoolExecutor.runWorker(ThreadPoolExecutor.java:1136)
at java.base/java.util.concurrent.ThreadPoolExecutor$Worker.run(ThreadPoolExecutor.java:635)
at java.base/java.lang.Thread.run(Thread.java:833)
Caused by: org.openqa.selenium.firefox.NotConnectedException: Unable to connect to host 127.0.0.1 on port 7055 after 45000 ms. Firefox console output:
n":"Вікіпэдыя, вольная энцыкляпэдыя","creator":null,"developers":null,"translators":null,"contributors":null,"locales":["be-tarask"]},{"name":"Wikipedia (sv)","description":"Wikipedia, den fria encyklopedin","creator":null,"developers":null,"translators":null,"contributors":null,"locales":["sv-SE"]},{"name":"ວິກິພີເດຍ (lo)","description":"ວິກິພີເດຍ, ສາລານຸກົມເສລີ","creator":null,"developers":null,"translators":null,"contributors":null,"locales":["lo"]},{"name":"Wikipedija (sl)","description":"Wikipedija, prosta enciklopedija","creator":null,"developers":null,"translators":null,"contributors":null,"locales":["sl"]},{"name":"Vikipēdija","description":"Vikipēdija, brīvā enciklopēdija","creator":null,"developers":null,"translators":null,"contributors":null,"locales":["lv"]},{"name":"Biquipedia (an)","description":"A enciclopedia Libre","creator":null,"developers":null,"translators":null,"contributors":null,"locales":["an"]}],"targetApplications":[{"id":"toolkit@mozilla.org","minVersion":null,"maxVersion":null}],"targetPlatforms":[],"seen":true,"dependencies":[],"incognito":"spanning","userPermissions":{"permissions":[],"origins":[]},"icons":{"16":"favicon.ico"},"iconURL":null,"blocklistState":0,"blocklistURL":null,"startupData":null,"hidden":true,"installTelemetryInfo":null,"recommendationState":null,"rootURI":"resource://search-extensions/wikipedia/","location":"app-builtin"}
1665813447477addons.xpiDEBUGLoading bootstrap scope from resource://search-extensions/wikipedia/
1665813447477addons.xpiDEBUGCalling bootstrap method install on wikipedia@search.mozilla.org version 1.0
1665813447477addons.xpiDEBUGCalling bootstrap method startup on wikipedia@search.mozilla.org version 1.0
1665813451365addons.xpiDEBUGCalling bootstrap method shutdown on wikipedia@search.mozilla.org version 1.0
1665813451366addons.xpiDEBUGCalling bootstrap method shutdown on webcompat@mozilla.org version 6.2.0
1665813451368addons.xpiDEBUGCalling bootstrap method shutdown on twitter@search.mozilla.org version 1.0
1665813451369addons.xpiDEBUGCalling bootstrap method shutdown on screenshots@mozilla.org version 39.0.0
1665813451372addons.xpiDEBUGCalling bootstrap method shutdown on google@search.mozilla.org version 1.0
1665813451372addons.xpiDEBUGCalling bootstrap method shutdown on formautofill@mozilla.org version 1.0
1665813451374addons.xpiDEBUGCalling bootstrap method shutdown on ebay@search.mozilla.org version 1.0
1665813451374addons.xpiDEBUGCalling bootstrap method shutdown on default-theme@mozilla.org version 1.0
1665813451375addons.xpiDEBUGCalling bootstrap method shutdown on ddg@search.mozilla.org version 1.0
1665813451375addons.xpiDEBUGCalling bootstrap method shutdown on bing@search.mozilla.org version 1.0
1665813451376addons.xpiDEBUGCalling bootstrap method shutdown on amazondotcom@search.mozilla.org version 1.1
[Child 5476, Chrome_ChildThread] WARNING: pipe error: 109: file z:/task_1571244707/build/src/ipc/chromium/src/chrome/common/ipc_channel_win.cc, line 341
[Child 5476, Chrome_ChildThread] WARNING: pipe error: 109: file z:/task_1571244707/build/src/ipc/chromium/src/chrome/common/ipc_channel_win.cc, line 341
1665813451581addons.managerDEBUGbefore shutdown
1665813451584addons.managerDEBUGshutdown
1665813451584addons.managerDEBUGCalling shutdown blocker for XPIProvider
1665813451585addons.xpiDEBUGshutdown
1665813451585addons.xpi-utilsDEBUGshutdown
1665813451585addons.managerDEBUGCalling shutdown blocker for GMPProvider
1665813451585addons.managerDEBUGCalling shutdown blocker for PluginProvider
1665813451585addons.managerDEBUGAsync provider shutdown done

###!!! [Child][RunMessage] Error: Channel closing: too late to send/recv, messages will be lost

[GPU 2796, Chrome_ChildThread] WARNING: pipe error: 109: file z[Parent 8252, Gecko_IOThread] WARNING: pipe error: 232: file z:/task_1571244707/build/src/ipc/chromium/src/chrome/common/ipc_channel_win.cc, line 502

at org.openqa.selenium.firefox.internal.NewProfileExtensionConnection.start(NewProfileExtensionConnection.java:112)
... 28 more
... Removed 16 stack frames]]>
    </failure>
  </testcase> <!-- @BeforeClass setup -->
  <testcase classname="generics.BaseTest" name="@AfterClass teardown" time="-1.665813490788E9">
    <skipped/>
  </testcase> <!-- @AfterClass teardown -->
  <testcase classname="test.ActitimeLoginLogout" name="login" time="0.014">
    <failure type="org.openqa.selenium.NoSuchWindowException" message="no such window: target window already closed
from unknown error: web view not found
  (Session info: chrome=106.0.5249.119)
  (Driver info: chromedriver=105.0.5195.52 (412c95e518836d8a7d97250d62b29c2ae6a26a85-refs/branch-heads/5195@{#853}),platform=Windows NT 10.0.17763 x86_64) (WARNING: The server did not provide any stacktrace information)
Command duration or timeout: 5 milliseconds
Build info: version: &amp;apos;2.52.0&amp;apos;, revision: &amp;apos;4c2593c&amp;apos;, time: &amp;apos;2016-02-11 19:06:42&amp;apos;
System info: host: &amp;apos;CBT-03-44&amp;apos;, ip: &amp;apos;192.168.1.28&amp;apos;, os.name: &amp;apos;Windows 10&amp;apos;, os.arch: &amp;apos;amd64&amp;apos;, os.version: &amp;apos;10.0&amp;apos;, java.version: &amp;apos;17.0.3&amp;apos;
Driver info: org.openqa.selenium.chrome.ChromeDriver
Capabilities [{mobileEmulationEnabled=false, timeouts={implicit=0, pageLoad=300000, script=30000}, hasTouchScreen=false, platform=XP, acceptSslCerts=false, goog:chromeOptions={debuggerAddress=localhost:52862}, webauthn:extension:credBlob=true, acceptInsecureCerts=false, webStorageEnabled=true, browserName=chrome, takesScreenshot=true, javascriptEnabled=true, setWindowRect=true, webauthn:extension:largeBlob=true, unexpectedAlertBehaviour=ignore, rotatable=false, networkConnectionEnabled=false, chrome={chromedriverVersion=105.0.5195.52 (412c95e518836d8a7d97250d62b29c2ae6a26a85-refs/branch-heads/5195@{#853}), userDataDir=C:\Users\CBT\AppData\Local\Temp\scoped_dir8864_455656662}, takesHeapSnapshot=true, pageLoadStrategy=normal, strictFileInteractability=false, databaseEnabled=false, handlesAlerts=true, version=106.0.5249.119, browserConnectionEnabled=false, proxy={}, nativeEvents=true, locationContextEnabled=true, cssSelectorsEnabled=true, webauthn:virtualAuthenticators=true}]
Session ID: faa14a40baab7086c9e5b0bd027af612">
      <![CDATA[org.openqa.selenium.NoSuchWindowException: no such window: target window already closed
from unknown error: web view not found
  (Session info: chrome=106.0.5249.119)
  (Driver info: chromedriver=105.0.5195.52 (412c95e518836d8a7d97250d62b29c2ae6a26a85-refs/branch-heads/5195@{#853}),platform=Windows NT 10.0.17763 x86_64) (WARNING: The server did not provide any stacktrace information)
Command duration or timeout: 5 milliseconds
Build info: version: '2.52.0', revision: '4c2593c', time: '2016-02-11 19:06:42'
System info: host: 'CBT-03-44', ip: '192.168.1.28', os.name: 'Windows 10', os.arch: 'amd64', os.version: '10.0', java.version: '17.0.3'
Driver info: org.openqa.selenium.chrome.ChromeDriver
Capabilities [{mobileEmulationEnabled=false, timeouts={implicit=0, pageLoad=300000, script=30000}, hasTouchScreen=false, platform=XP, acceptSslCerts=false, goog:chromeOptions={debuggerAddress=localhost:52862}, webauthn:extension:credBlob=true, acceptInsecureCerts=false, webStorageEnabled=true, browserName=chrome, takesScreenshot=true, javascriptEnabled=true, setWindowRect=true, webauthn:extension:largeBlob=true, unexpectedAlertBehaviour=ignore, rotatable=false, networkConnectionEnabled=false, chrome={chromedriverVersion=105.0.5195.52 (412c95e518836d8a7d97250d62b29c2ae6a26a85-refs/branch-heads/5195@{#853}), userDataDir=C:\Users\CBT\AppData\Local\Temp\scoped_dir8864_455656662}, takesHeapSnapshot=true, pageLoadStrategy=normal, strictFileInteractability=false, databaseEnabled=false, handlesAlerts=true, version=106.0.5249.119, browserConnectionEnabled=false, proxy={}, nativeEvents=true, locationContextEnabled=true, cssSelectorsEnabled=true, webauthn:virtualAuthenticators=true}]
Session ID: faa14a40baab7086c9e5b0bd027af612
at org.openqa.selenium.remote.ErrorHandler.createThrowable(ErrorHandler.java:206)
at org.openqa.selenium.remote.ErrorHandler.throwIfResponseFailed(ErrorHandler.java:158)
at org.openqa.selenium.remote.RemoteWebDriver.execute(RemoteWebDriver.java:678)
at org.openqa.selenium.remote.RemoteWebDriver.execute(RemoteWebDriver.java:701)
at org.openqa.selenium.remote.RemoteWebDriver.getScreenshotAs(RemoteWebDriver.java:335)
at generics.Screenshot.onTestSkipped(Screenshot.java:19)
at java.base/java.util.ArrayList.forEach(ArrayList.java:1511)
at java.base/java.util.concurrent.FutureTask.run(FutureTask.java:264)
at java.base/java.util.concurrent.ThreadPoolExecutor.runWorker(ThreadPoolExecutor.java:1136)
at java.base/java.util.concurrent.ThreadPoolExecutor$Worker.run(ThreadPoolExecutor.java:635)
at java.base/java.lang.Thread.run(Thread.java:833)
... Removed 21 stack frames]]>
    </failure>
  </testcase> <!-- login -->
</testsuite> <!-- TestFirefox -->
